<?xml version="1.0" encoding="UTF-8"?>
<!-- Generated by org.testng.reporters.JUnitReportReporter -->
<testsuite skipped="0" hostname="Mamun79s-MBP.fios-router.home" name="com.walgreens.testLayer.ShoppingCartTest" tests="1" failures="0" timestamp="20 Apr 2019 01:46:53 GMT" time="9.169" errors="0">
  <testcase name="test" time="9.169" classname="com.walgreens.testLayer.ShoppingCartTest"/>
</testsuite> <!-- com.walgreens.testLayer.ShoppingCartTest -->
